<?xml version="1.0" encoding="UTF-8"?>
<testsuite errors="0" failures="0" name="helloworld_tests.HelloWorldTest-20180115203136" skipped="0" tests="1" time="0.000">
	<testcase classname="helloworld_tests.HelloWorldTest" name="test_should_issue_hello_world_message" time="0.000"/>
	<system-out>
<![CDATA[]]>	</system-out>
	<system-err>
<![CDATA[]]>	</system-err>
</testsuite>
